<?xml version="1.0" encoding="UTF-8"?>
<testsuite name="jpabook.jpashop.MemberRepositoryTest" tests="1" skipped="0" failures="0" errors="0" timestamp="2024-03-28T06:22:34" hostname="seonaui-MacBookAir.local" time="0.454">
  <properties/>
  <testcase name="testMember" classname="jpabook.jpashop.MemberRepositoryTest" time="0.454"/>
  <system-out><![CDATA[15:22:32.296 [Test worker] INFO org.springframework.boot.devtools.restart.RestartApplicationListener -- Restart disabled due to context in which it is running

  .   ____          _            __ _ _
 /\\ / ___'_ __ _ _(_)_ __  __ _ \ \ \ \
( ( )\___ | '_ | '_| | '_ \/ _` | \ \ \ \
 \\/  ___)| |_)| | | | | || (_| |  ) ) ) )
  '  |____| .__|_| |_|_| |_\__, | / / / /
 =========|_|==============|___/=/_/_/_/
 :: Spring Boot ::                (v3.2.4)

2024-03-28T15:22:32.478+09:00  INFO 14547 --- [jpashop] [    Test worker] jpabook.jpashop.MemberRepositoryTest     : Starting MemberRepositoryTest using Java 17.0.8 with PID 14547 (started by seona in /Users/seona/Desktop/Spring/jpashop)
2024-03-28T15:22:32.479+09:00  INFO 14547 --- [jpashop] [    Test worker] jpabook.jpashop.MemberRepositoryTest     : No active profile set, falling back to 1 default profile: "default"
2024-03-28T15:22:32.899+09:00  INFO 14547 --- [jpashop] [    Test worker] .s.d.r.c.RepositoryConfigurationDelegate : Bootstrapping Spring Data JPA repositories in DEFAULT mode.
2024-03-28T15:22:32.914+09:00  INFO 14547 --- [jpashop] [    Test worker] .s.d.r.c.RepositoryConfigurationDelegate : Finished Spring Data repository scanning in 9 ms. Found 0 JPA repository interfaces.
2024-03-28T15:22:33.253+09:00  INFO 14547 --- [jpashop] [    Test worker] o.hibernate.jpa.internal.util.LogHelper  : HHH000204: Processing PersistenceUnitInfo [name: default]
2024-03-28T15:22:33.293+09:00  INFO 14547 --- [jpashop] [    Test worker] org.hibernate.Version                    : HHH000412: Hibernate ORM core version 6.4.4.Final
2024-03-28T15:22:33.316+09:00  INFO 14547 --- [jpashop] [    Test worker] o.h.c.internal.RegionFactoryInitiator    : HHH000026: Second-level cache disabled
2024-03-28T15:22:33.471+09:00  INFO 14547 --- [jpashop] [    Test worker] o.s.o.j.p.SpringPersistenceUnitInfo      : No LoadTimeWeaver setup: ignoring JPA class transformer
2024-03-28T15:22:33.490+09:00  INFO 14547 --- [jpashop] [    Test worker] com.zaxxer.hikari.HikariDataSource       : HikariPool-1 - Starting...
2024-03-28T15:22:33.554+09:00  INFO 14547 --- [jpashop] [    Test worker] com.zaxxer.hikari.pool.HikariPool        : HikariPool-1 - Added connection conn0: url=jdbc:h2:tcp://localhost/~/jpashop user=SA
2024-03-28T15:22:33.555+09:00  INFO 14547 --- [jpashop] [    Test worker] com.zaxxer.hikari.HikariDataSource       : HikariPool-1 - Start completed.
2024-03-28T15:22:33.708+09:00  INFO 14547 --- [jpashop] [    Test worker] p6spy                                    : #1711606953708 | took 5ms | statement | connection 1| url jdbc:h2:tcp://localhost/~/jpashop
select * from INFORMATION_SCHEMA.SEQUENCES
select * from INFORMATION_SCHEMA.SEQUENCES;
2024-03-28T15:22:34.133+09:00  INFO 14547 --- [jpashop] [    Test worker] o.h.e.t.j.p.i.JtaPlatformInitiator       : HHH000489: No JTA platform available (set 'hibernate.transaction.jta.platform' to enable JTA platform integration)
2024-03-28T15:22:34.143+09:00 DEBUG 14547 --- [jpashop] [    Test worker] org.hibernate.SQL                        : 
    drop table if exists member cascade 
2024-03-28T15:22:34.145+09:00  INFO 14547 --- [jpashop] [    Test worker] p6spy                                    : #1711606954145 | took 1ms | statement | connection 2| url jdbc:h2:tcp://localhost/~/jpashop

    drop table if exists member cascade 

    drop table if exists member cascade ;
2024-03-28T15:22:34.145+09:00 DEBUG 14547 --- [jpashop] [    Test worker] org.hibernate.SQL                        : 
    drop sequence if exists member_seq
2024-03-28T15:22:34.146+09:00  INFO 14547 --- [jpashop] [    Test worker] p6spy                                    : #1711606954146 | took 0ms | statement | connection 2| url jdbc:h2:tcp://localhost/~/jpashop

    drop sequence if exists member_seq

    drop sequence if exists member_seq;
2024-03-28T15:22:34.151+09:00 DEBUG 14547 --- [jpashop] [    Test worker] org.hibernate.SQL                        : 
    create sequence member_seq start with 1 increment by 50
2024-03-28T15:22:34.152+09:00  INFO 14547 --- [jpashop] [    Test worker] p6spy                                    : #1711606954152 | took 1ms | statement | connection 3| url jdbc:h2:tcp://localhost/~/jpashop

    create sequence member_seq start with 1 increment by 50

    create sequence member_seq start with 1 increment by 50;
2024-03-28T15:22:34.154+09:00 DEBUG 14547 --- [jpashop] [    Test worker] org.hibernate.SQL                        : 
    create table member (
        id bigint not null,
        username varchar(255),
        primary key (id)
    )
2024-03-28T15:22:34.156+09:00  INFO 14547 --- [jpashop] [    Test worker] p6spy                                    : #1711606954156 | took 1ms | statement | connection 3| url jdbc:h2:tcp://localhost/~/jpashop

    create table member (
        id bigint not null,
        username varchar(255),
        primary key (id)
    )

    create table member (
        id bigint not null,
        username varchar(255),
        primary key (id)
    );
2024-03-28T15:22:34.159+09:00  INFO 14547 --- [jpashop] [    Test worker] j.LocalContainerEntityManagerFactoryBean : Initialized JPA EntityManagerFactory for persistence unit 'default'
2024-03-28T15:22:34.290+09:00  WARN 14547 --- [jpashop] [    Test worker] JpaBaseConfiguration$JpaWebConfiguration : spring.jpa.open-in-view is enabled by default. Therefore, database queries may be performed during view rendering. Explicitly configure spring.jpa.open-in-view to disable this warning
2024-03-28T15:22:34.307+09:00  INFO 14547 --- [jpashop] [    Test worker] o.s.b.a.w.s.WelcomePageHandlerMapping    : Adding welcome page: class path resource [static/index.html]
2024-03-28T15:22:34.570+09:00  INFO 14547 --- [jpashop] [    Test worker] jpabook.jpashop.MemberRepositoryTest     : Started MemberRepositoryTest in 2.285 seconds (process running for 3.044)
2024-03-28T15:22:34.978+09:00 DEBUG 14547 --- [jpashop] [    Test worker] org.hibernate.SQL                        : 
    select
        next value for member_seq
2024-03-28T15:22:34.980+09:00  INFO 14547 --- [jpashop] [    Test worker] p6spy                                    : #1711606954980 | took 0ms | statement | connection 4| url jdbc:h2:tcp://localhost/~/jpashop
select next value for member_seq
select next value for member_seq;
2024-03-28T15:22:35.033+09:00  INFO 14547 --- [jpashop] [    Test worker] p6spy                                    : #1711606955033 | took 0ms | rollback | connection 4| url jdbc:h2:tcp://localhost/~/jpashop

;
]]></system-out>
  <system-err><![CDATA[]]></system-err>
</testsuite>
