<?xml version="1.0" encoding="UTF-8"?>
<testsuite name="jpabook.jpashop.domain.service.OrderServiceTest" tests="3" skipped="0" failures="0" errors="0" timestamp="2024-04-06T09:25:30" hostname="seonaui-MacBookAir.local" time="0.536">
  <properties/>
  <testcase name="상품주문_재고수량초과" classname="jpabook.jpashop.domain.service.OrderServiceTest" time="0.511"/>
  <testcase name="상품주문" classname="jpabook.jpashop.domain.service.OrderServiceTest" time="0.013"/>
  <testcase name="주문취소" classname="jpabook.jpashop.domain.service.OrderServiceTest" time="0.009"/>
  <system-out><![CDATA[18:25:26.531 [Test worker] INFO org.springframework.boot.devtools.restart.RestartApplicationListener -- Restart disabled due to context in which it is running

  .   ____          _            __ _ _
 /\\ / ___'_ __ _ _(_)_ __  __ _ \ \ \ \
( ( )\___ | '_ | '_| | '_ \/ _` | \ \ \ \
 \\/  ___)| |_)| | | | | || (_| |  ) ) ) )
  '  |____| .__|_| |_|_| |_\__, | / / / /
 =========|_|==============|___/=/_/_/_/
 :: Spring Boot ::                (v3.2.4)

2024-04-06T18:25:26.772+09:00  INFO 53865 --- [jpashop] [    Test worker] j.j.domain.service.OrderServiceTest      : Starting OrderServiceTest using Java 17.0.8 with PID 53865 (started by seona in /Users/seona/Desktop/Spring/jpashop)
2024-04-06T18:25:26.773+09:00  INFO 53865 --- [jpashop] [    Test worker] j.j.domain.service.OrderServiceTest      : No active profile set, falling back to 1 default profile: "default"
2024-04-06T18:25:27.326+09:00  INFO 53865 --- [jpashop] [    Test worker] .s.d.r.c.RepositoryConfigurationDelegate : Bootstrapping Spring Data JPA repositories in DEFAULT mode.
2024-04-06T18:25:27.348+09:00  INFO 53865 --- [jpashop] [    Test worker] .s.d.r.c.RepositoryConfigurationDelegate : Finished Spring Data repository scanning in 13 ms. Found 0 JPA repository interfaces.
2024-04-06T18:25:27.763+09:00  INFO 53865 --- [jpashop] [    Test worker] com.zaxxer.hikari.HikariDataSource       : HikariPool-1 - Starting...
2024-04-06T18:25:27.942+09:00  INFO 53865 --- [jpashop] [    Test worker] com.zaxxer.hikari.pool.HikariPool        : HikariPool-1 - Added connection conn0: url=jdbc:h2:mem:9330d50b-6456-4e42-a147-cb7d7c054d6e user=SA
2024-04-06T18:25:27.943+09:00  INFO 53865 --- [jpashop] [    Test worker] com.zaxxer.hikari.HikariDataSource       : HikariPool-1 - Start completed.
2024-04-06T18:25:27.983+09:00  INFO 53865 --- [jpashop] [    Test worker] o.hibernate.jpa.internal.util.LogHelper  : HHH000204: Processing PersistenceUnitInfo [name: default]
2024-04-06T18:25:28.030+09:00  INFO 53865 --- [jpashop] [    Test worker] org.hibernate.Version                    : HHH000412: Hibernate ORM core version 6.4.4.Final
2024-04-06T18:25:28.056+09:00  INFO 53865 --- [jpashop] [    Test worker] o.h.c.internal.RegionFactoryInitiator    : HHH000026: Second-level cache disabled
2024-04-06T18:25:28.259+09:00  INFO 53865 --- [jpashop] [    Test worker] o.s.o.j.p.SpringPersistenceUnitInfo      : No LoadTimeWeaver setup: ignoring JPA class transformer
2024-04-06T18:25:28.547+09:00  INFO 53865 --- [jpashop] [    Test worker] p6spy                                    : #1712395528547 | took 6ms | statement | connection 2| url jdbc:h2:mem:9330d50b-6456-4e42-a147-cb7d7c054d6e
select * from INFORMATION_SCHEMA.SEQUENCES
select * from INFORMATION_SCHEMA.SEQUENCES;
2024-04-06T18:25:29.225+09:00  INFO 53865 --- [jpashop] [    Test worker] o.h.e.t.j.p.i.JtaPlatformInitiator       : HHH000489: No JTA platform available (set 'hibernate.transaction.jta.platform' to enable JTA platform integration)
2024-04-06T18:25:29.236+09:00 DEBUG 53865 --- [jpashop] [    Test worker] org.hibernate.SQL                        : drop table if exists category cascade 
2024-04-06T18:25:29.237+09:00  INFO 53865 --- [jpashop] [    Test worker] p6spy                                    : #1712395529237 | took 0ms | statement | connection 3| url jdbc:h2:mem:9330d50b-6456-4e42-a147-cb7d7c054d6e
drop table if exists category cascade 
drop table if exists category cascade ;
2024-04-06T18:25:29.238+09:00 DEBUG 53865 --- [jpashop] [    Test worker] org.hibernate.SQL                        : drop table if exists category_item cascade 
2024-04-06T18:25:29.238+09:00  INFO 53865 --- [jpashop] [    Test worker] p6spy                                    : #1712395529238 | took 0ms | statement | connection 3| url jdbc:h2:mem:9330d50b-6456-4e42-a147-cb7d7c054d6e
drop table if exists category_item cascade 
drop table if exists category_item cascade ;
2024-04-06T18:25:29.238+09:00 DEBUG 53865 --- [jpashop] [    Test worker] org.hibernate.SQL                        : drop table if exists delivery cascade 
2024-04-06T18:25:29.238+09:00  INFO 53865 --- [jpashop] [    Test worker] p6spy                                    : #1712395529238 | took 0ms | statement | connection 3| url jdbc:h2:mem:9330d50b-6456-4e42-a147-cb7d7c054d6e
drop table if exists delivery cascade 
drop table if exists delivery cascade ;
2024-04-06T18:25:29.238+09:00 DEBUG 53865 --- [jpashop] [    Test worker] org.hibernate.SQL                        : drop table if exists item cascade 
2024-04-06T18:25:29.238+09:00  INFO 53865 --- [jpashop] [    Test worker] p6spy                                    : #1712395529238 | took 0ms | statement | connection 3| url jdbc:h2:mem:9330d50b-6456-4e42-a147-cb7d7c054d6e
drop table if exists item cascade 
drop table if exists item cascade ;
2024-04-06T18:25:29.239+09:00 DEBUG 53865 --- [jpashop] [    Test worker] org.hibernate.SQL                        : drop table if exists member cascade 
2024-04-06T18:25:29.239+09:00  INFO 53865 --- [jpashop] [    Test worker] p6spy                                    : #1712395529239 | took 0ms | statement | connection 3| url jdbc:h2:mem:9330d50b-6456-4e42-a147-cb7d7c054d6e
drop table if exists member cascade 
drop table if exists member cascade ;
2024-04-06T18:25:29.239+09:00 DEBUG 53865 --- [jpashop] [    Test worker] org.hibernate.SQL                        : drop table if exists order_item cascade 
2024-04-06T18:25:29.239+09:00  INFO 53865 --- [jpashop] [    Test worker] p6spy                                    : #1712395529239 | took 0ms | statement | connection 3| url jdbc:h2:mem:9330d50b-6456-4e42-a147-cb7d7c054d6e
drop table if exists order_item cascade 
drop table if exists order_item cascade ;
2024-04-06T18:25:29.239+09:00 DEBUG 53865 --- [jpashop] [    Test worker] org.hibernate.SQL                        : drop table if exists orders cascade 
2024-04-06T18:25:29.239+09:00  INFO 53865 --- [jpashop] [    Test worker] p6spy                                    : #1712395529239 | took 0ms | statement | connection 3| url jdbc:h2:mem:9330d50b-6456-4e42-a147-cb7d7c054d6e
drop table if exists orders cascade 
drop table if exists orders cascade ;
2024-04-06T18:25:29.240+09:00 DEBUG 53865 --- [jpashop] [    Test worker] org.hibernate.SQL                        : drop sequence if exists category_seq
2024-04-06T18:25:29.240+09:00  INFO 53865 --- [jpashop] [    Test worker] p6spy                                    : #1712395529240 | took 0ms | statement | connection 3| url jdbc:h2:mem:9330d50b-6456-4e42-a147-cb7d7c054d6e
drop sequence if exists category_seq
drop sequence if exists category_seq;
2024-04-06T18:25:29.240+09:00 DEBUG 53865 --- [jpashop] [    Test worker] org.hibernate.SQL                        : drop sequence if exists delivery_seq
2024-04-06T18:25:29.240+09:00  INFO 53865 --- [jpashop] [    Test worker] p6spy                                    : #1712395529240 | took 0ms | statement | connection 3| url jdbc:h2:mem:9330d50b-6456-4e42-a147-cb7d7c054d6e
drop sequence if exists delivery_seq
drop sequence if exists delivery_seq;
2024-04-06T18:25:29.240+09:00 DEBUG 53865 --- [jpashop] [    Test worker] org.hibernate.SQL                        : drop sequence if exists item_seq
2024-04-06T18:25:29.241+09:00  INFO 53865 --- [jpashop] [    Test worker] p6spy                                    : #1712395529241 | took 0ms | statement | connection 3| url jdbc:h2:mem:9330d50b-6456-4e42-a147-cb7d7c054d6e
drop sequence if exists item_seq
drop sequence if exists item_seq;
2024-04-06T18:25:29.241+09:00 DEBUG 53865 --- [jpashop] [    Test worker] org.hibernate.SQL                        : drop sequence if exists member_seq
2024-04-06T18:25:29.241+09:00  INFO 53865 --- [jpashop] [    Test worker] p6spy                                    : #1712395529241 | took 0ms | statement | connection 3| url jdbc:h2:mem:9330d50b-6456-4e42-a147-cb7d7c054d6e
drop sequence if exists member_seq
drop sequence if exists member_seq;
2024-04-06T18:25:29.242+09:00 DEBUG 53865 --- [jpashop] [    Test worker] org.hibernate.SQL                        : drop sequence if exists order_item_seq
2024-04-06T18:25:29.242+09:00  INFO 53865 --- [jpashop] [    Test worker] p6spy                                    : #1712395529242 | took 0ms | statement | connection 3| url jdbc:h2:mem:9330d50b-6456-4e42-a147-cb7d7c054d6e
drop sequence if exists order_item_seq
drop sequence if exists order_item_seq;
2024-04-06T18:25:29.242+09:00 DEBUG 53865 --- [jpashop] [    Test worker] org.hibernate.SQL                        : drop sequence if exists orders_seq
2024-04-06T18:25:29.242+09:00  INFO 53865 --- [jpashop] [    Test worker] p6spy                                    : #1712395529242 | took 0ms | statement | connection 3| url jdbc:h2:mem:9330d50b-6456-4e42-a147-cb7d7c054d6e
drop sequence if exists orders_seq
drop sequence if exists orders_seq;
2024-04-06T18:25:29.248+09:00 DEBUG 53865 --- [jpashop] [    Test worker] org.hibernate.SQL                        : create sequence category_seq start with 1 increment by 50
2024-04-06T18:25:29.250+09:00  INFO 53865 --- [jpashop] [    Test worker] p6spy                                    : #1712395529250 | took 1ms | statement | connection 4| url jdbc:h2:mem:9330d50b-6456-4e42-a147-cb7d7c054d6e
create sequence category_seq start with 1 increment by 50
create sequence category_seq start with 1 increment by 50;
2024-04-06T18:25:29.250+09:00 DEBUG 53865 --- [jpashop] [    Test worker] org.hibernate.SQL                        : create sequence delivery_seq start with 1 increment by 50
2024-04-06T18:25:29.250+09:00  INFO 53865 --- [jpashop] [    Test worker] p6spy                                    : #1712395529250 | took 0ms | statement | connection 4| url jdbc:h2:mem:9330d50b-6456-4e42-a147-cb7d7c054d6e
create sequence delivery_seq start with 1 increment by 50
create sequence delivery_seq start with 1 increment by 50;
2024-04-06T18:25:29.251+09:00 DEBUG 53865 --- [jpashop] [    Test worker] org.hibernate.SQL                        : create sequence item_seq start with 1 increment by 50
2024-04-06T18:25:29.251+09:00  INFO 53865 --- [jpashop] [    Test worker] p6spy                                    : #1712395529251 | took 0ms | statement | connection 4| url jdbc:h2:mem:9330d50b-6456-4e42-a147-cb7d7c054d6e
create sequence item_seq start with 1 increment by 50
create sequence item_seq start with 1 increment by 50;
2024-04-06T18:25:29.251+09:00 DEBUG 53865 --- [jpashop] [    Test worker] org.hibernate.SQL                        : create sequence member_seq start with 1 increment by 50
2024-04-06T18:25:29.251+09:00  INFO 53865 --- [jpashop] [    Test worker] p6spy                                    : #1712395529251 | took 0ms | statement | connection 4| url jdbc:h2:mem:9330d50b-6456-4e42-a147-cb7d7c054d6e
create sequence member_seq start with 1 increment by 50
create sequence member_seq start with 1 increment by 50;
2024-04-06T18:25:29.251+09:00 DEBUG 53865 --- [jpashop] [    Test worker] org.hibernate.SQL                        : create sequence order_item_seq start with 1 increment by 50
2024-04-06T18:25:29.252+09:00  INFO 53865 --- [jpashop] [    Test worker] p6spy                                    : #1712395529252 | took 0ms | statement | connection 4| url jdbc:h2:mem:9330d50b-6456-4e42-a147-cb7d7c054d6e
create sequence order_item_seq start with 1 increment by 50
create sequence order_item_seq start with 1 increment by 50;
2024-04-06T18:25:29.252+09:00 DEBUG 53865 --- [jpashop] [    Test worker] org.hibernate.SQL                        : create sequence orders_seq start with 1 increment by 50
2024-04-06T18:25:29.253+09:00  INFO 53865 --- [jpashop] [    Test worker] p6spy                                    : #1712395529253 | took 0ms | statement | connection 4| url jdbc:h2:mem:9330d50b-6456-4e42-a147-cb7d7c054d6e
create sequence orders_seq start with 1 increment by 50
create sequence orders_seq start with 1 increment by 50;
2024-04-06T18:25:29.255+09:00 DEBUG 53865 --- [jpashop] [    Test worker] org.hibernate.SQL                        : create table category (category_id bigint not null, parent_id bigint, name varchar(255), primary key (category_id))
2024-04-06T18:25:29.258+09:00  INFO 53865 --- [jpashop] [    Test worker] p6spy                                    : #1712395529258 | took 2ms | statement | connection 4| url jdbc:h2:mem:9330d50b-6456-4e42-a147-cb7d7c054d6e
create table category (category_id bigint not null, parent_id bigint, name varchar(255), primary key (category_id))
create table category (category_id bigint not null, parent_id bigint, name varchar(255), primary key (category_id));
2024-04-06T18:25:29.258+09:00 DEBUG 53865 --- [jpashop] [    Test worker] org.hibernate.SQL                        : create table category_item (category_id bigint not null, item_id bigint not null)
2024-04-06T18:25:29.259+09:00  INFO 53865 --- [jpashop] [    Test worker] p6spy                                    : #1712395529259 | took 0ms | statement | connection 4| url jdbc:h2:mem:9330d50b-6456-4e42-a147-cb7d7c054d6e
create table category_item (category_id bigint not null, item_id bigint not null)
create table category_item (category_id bigint not null, item_id bigint not null);
2024-04-06T18:25:29.259+09:00 DEBUG 53865 --- [jpashop] [    Test worker] org.hibernate.SQL                        : create table delivery (delivery_id bigint not null, city varchar(255), status varchar(255) check (status in ('READY','COMP')), street varchar(255), zipcode varchar(255), primary key (delivery_id))
2024-04-06T18:25:29.261+09:00  INFO 53865 --- [jpashop] [    Test worker] p6spy                                    : #1712395529261 | took 1ms | statement | connection 4| url jdbc:h2:mem:9330d50b-6456-4e42-a147-cb7d7c054d6e
create table delivery (delivery_id bigint not null, city varchar(255), status varchar(255) check (status in ('READY','COMP')), street varchar(255), zipcode varchar(255), primary key (delivery_id))
create table delivery (delivery_id bigint not null, city varchar(255), status varchar(255) check (status in ('READY','COMP')), street varchar(255), zipcode varchar(255), primary key (delivery_id));
2024-04-06T18:25:29.261+09:00 DEBUG 53865 --- [jpashop] [    Test worker] org.hibernate.SQL                        : create table item (price integer not null, stock_quantity integer not null, item_id bigint not null, dtype varchar(31) not null, actor varchar(255), artist varchar(255), author varchar(255), director varchar(255), ect varchar(255), isbn varchar(255), name varchar(255), primary key (item_id))
2024-04-06T18:25:29.262+09:00  INFO 53865 --- [jpashop] [    Test worker] p6spy                                    : #1712395529262 | took 0ms | statement | connection 4| url jdbc:h2:mem:9330d50b-6456-4e42-a147-cb7d7c054d6e
create table item (price integer not null, stock_quantity integer not null, item_id bigint not null, dtype varchar(31) not null, actor varchar(255), artist varchar(255), author varchar(255), director varchar(255), ect varchar(255), isbn varchar(255), name varchar(255), primary key (item_id))
create table item (price integer not null, stock_quantity integer not null, item_id bigint not null, dtype varchar(31) not null, actor varchar(255), artist varchar(255), author varchar(255), director varchar(255), ect varchar(255), isbn varchar(255), name varchar(255), primary key (item_id));
2024-04-06T18:25:29.263+09:00 DEBUG 53865 --- [jpashop] [    Test worker] org.hibernate.SQL                        : create table member (member_id bigint not null, city varchar(255), name varchar(255), street varchar(255), zipcode varchar(255), primary key (member_id))
2024-04-06T18:25:29.263+09:00  INFO 53865 --- [jpashop] [    Test worker] p6spy                                    : #1712395529263 | took 0ms | statement | connection 4| url jdbc:h2:mem:9330d50b-6456-4e42-a147-cb7d7c054d6e
create table member (member_id bigint not null, city varchar(255), name varchar(255), street varchar(255), zipcode varchar(255), primary key (member_id))
create table member (member_id bigint not null, city varchar(255), name varchar(255), street varchar(255), zipcode varchar(255), primary key (member_id));
2024-04-06T18:25:29.264+09:00 DEBUG 53865 --- [jpashop] [    Test worker] org.hibernate.SQL                        : create table order_item (count integer not null, order_price integer not null, item_id bigint, order_id bigint, order_item_id bigint not null, primary key (order_item_id))
2024-04-06T18:25:29.264+09:00  INFO 53865 --- [jpashop] [    Test worker] p6spy                                    : #1712395529264 | took 0ms | statement | connection 4| url jdbc:h2:mem:9330d50b-6456-4e42-a147-cb7d7c054d6e
create table order_item (count integer not null, order_price integer not null, item_id bigint, order_id bigint, order_item_id bigint not null, primary key (order_item_id))
create table order_item (count integer not null, order_price integer not null, item_id bigint, order_id bigint, order_item_id bigint not null, primary key (order_item_id));
2024-04-06T18:25:29.266+09:00 DEBUG 53865 --- [jpashop] [    Test worker] org.hibernate.SQL                        : create table orders (delivery_id bigint unique, member_id bigint, order_date timestamp(6), order_id bigint not null, status varchar(255) check (status in ('ORDER','CANCEL')), primary key (order_id))
2024-04-06T18:25:29.268+09:00  INFO 53865 --- [jpashop] [    Test worker] p6spy                                    : #1712395529268 | took 1ms | statement | connection 4| url jdbc:h2:mem:9330d50b-6456-4e42-a147-cb7d7c054d6e
create table orders (delivery_id bigint unique, member_id bigint, order_date timestamp(6), order_id bigint not null, status varchar(255) check (status in ('ORDER','CANCEL')), primary key (order_id))
create table orders (delivery_id bigint unique, member_id bigint, order_date timestamp(6), order_id bigint not null, status varchar(255) check (status in ('ORDER','CANCEL')), primary key (order_id));
2024-04-06T18:25:29.268+09:00 DEBUG 53865 --- [jpashop] [    Test worker] org.hibernate.SQL                        : alter table if exists category add constraint FK2y94svpmqttx80mshyny85wqr foreign key (parent_id) references category
2024-04-06T18:25:29.272+09:00  INFO 53865 --- [jpashop] [    Test worker] p6spy                                    : #1712395529272 | took 3ms | statement | connection 4| url jdbc:h2:mem:9330d50b-6456-4e42-a147-cb7d7c054d6e
alter table if exists category add constraint FK2y94svpmqttx80mshyny85wqr foreign key (parent_id) references category
alter table if exists category add constraint FK2y94svpmqttx80mshyny85wqr foreign key (parent_id) references category;
2024-04-06T18:25:29.272+09:00 DEBUG 53865 --- [jpashop] [    Test worker] org.hibernate.SQL                        : alter table if exists category_item add constraint FKu8b4lwqutcdq3363gf6mlujq foreign key (item_id) references item
2024-04-06T18:25:29.274+09:00  INFO 53865 --- [jpashop] [    Test worker] p6spy                                    : #1712395529274 | took 1ms | statement | connection 4| url jdbc:h2:mem:9330d50b-6456-4e42-a147-cb7d7c054d6e
alter table if exists category_item add constraint FKu8b4lwqutcdq3363gf6mlujq foreign key (item_id) references item
alter table if exists category_item add constraint FKu8b4lwqutcdq3363gf6mlujq foreign key (item_id) references item;
2024-04-06T18:25:29.274+09:00 DEBUG 53865 --- [jpashop] [    Test worker] org.hibernate.SQL                        : alter table if exists category_item add constraint FKcq2n0opf5shyh84ex1fhukcbh foreign key (category_id) references category
2024-04-06T18:25:29.275+09:00  INFO 53865 --- [jpashop] [    Test worker] p6spy                                    : #1712395529275 | took 1ms | statement | connection 4| url jdbc:h2:mem:9330d50b-6456-4e42-a147-cb7d7c054d6e
alter table if exists category_item add constraint FKcq2n0opf5shyh84ex1fhukcbh foreign key (category_id) references category
alter table if exists category_item add constraint FKcq2n0opf5shyh84ex1fhukcbh foreign key (category_id) references category;
2024-04-06T18:25:29.275+09:00 DEBUG 53865 --- [jpashop] [    Test worker] org.hibernate.SQL                        : alter table if exists order_item add constraint FKija6hjjiit8dprnmvtvgdp6ru foreign key (item_id) references item
2024-04-06T18:25:29.276+09:00  INFO 53865 --- [jpashop] [    Test worker] p6spy                                    : #1712395529276 | took 0ms | statement | connection 4| url jdbc:h2:mem:9330d50b-6456-4e42-a147-cb7d7c054d6e
alter table if exists order_item add constraint FKija6hjjiit8dprnmvtvgdp6ru foreign key (item_id) references item
alter table if exists order_item add constraint FKija6hjjiit8dprnmvtvgdp6ru foreign key (item_id) references item;
2024-04-06T18:25:29.276+09:00 DEBUG 53865 --- [jpashop] [    Test worker] org.hibernate.SQL                        : alter table if exists order_item add constraint FKt4dc2r9nbvbujrljv3e23iibt foreign key (order_id) references orders
2024-04-06T18:25:29.277+09:00  INFO 53865 --- [jpashop] [    Test worker] p6spy                                    : #1712395529277 | took 0ms | statement | connection 4| url jdbc:h2:mem:9330d50b-6456-4e42-a147-cb7d7c054d6e
alter table if exists order_item add constraint FKt4dc2r9nbvbujrljv3e23iibt foreign key (order_id) references orders
alter table if exists order_item add constraint FKt4dc2r9nbvbujrljv3e23iibt foreign key (order_id) references orders;
2024-04-06T18:25:29.278+09:00 DEBUG 53865 --- [jpashop] [    Test worker] org.hibernate.SQL                        : alter table if exists orders add constraint FKtkrur7wg4d8ax0pwgo0vmy20c foreign key (delivery_id) references delivery
2024-04-06T18:25:29.278+09:00  INFO 53865 --- [jpashop] [    Test worker] p6spy                                    : #1712395529278 | took 0ms | statement | connection 4| url jdbc:h2:mem:9330d50b-6456-4e42-a147-cb7d7c054d6e
alter table if exists orders add constraint FKtkrur7wg4d8ax0pwgo0vmy20c foreign key (delivery_id) references delivery
alter table if exists orders add constraint FKtkrur7wg4d8ax0pwgo0vmy20c foreign key (delivery_id) references delivery;
2024-04-06T18:25:29.279+09:00 DEBUG 53865 --- [jpashop] [    Test worker] org.hibernate.SQL                        : alter table if exists orders add constraint FKpktxwhj3x9m4gth5ff6bkqgeb foreign key (member_id) references member
2024-04-06T18:25:29.280+09:00  INFO 53865 --- [jpashop] [    Test worker] p6spy                                    : #1712395529280 | took 1ms | statement | connection 4| url jdbc:h2:mem:9330d50b-6456-4e42-a147-cb7d7c054d6e
alter table if exists orders add constraint FKpktxwhj3x9m4gth5ff6bkqgeb foreign key (member_id) references member
alter table if exists orders add constraint FKpktxwhj3x9m4gth5ff6bkqgeb foreign key (member_id) references member;
2024-04-06T18:25:29.284+09:00  INFO 53865 --- [jpashop] [    Test worker] j.LocalContainerEntityManagerFactoryBean : Initialized JPA EntityManagerFactory for persistence unit 'default'
2024-04-06T18:25:29.480+09:00  WARN 53865 --- [jpashop] [    Test worker] JpaBaseConfiguration$JpaWebConfiguration : spring.jpa.open-in-view is enabled by default. Therefore, database queries may be performed during view rendering. Explicitly configure spring.jpa.open-in-view to disable this warning
2024-04-06T18:25:29.503+09:00  INFO 53865 --- [jpashop] [    Test worker] o.s.b.a.w.s.WelcomePageHandlerMapping    : Adding welcome page: class path resource [static/index.html]
2024-04-06T18:25:30.014+09:00  INFO 53865 --- [jpashop] [    Test worker] j.j.domain.service.OrderServiceTest      : Started OrderServiceTest in 3.492 seconds (process running for 4.58)
2024-04-06T18:25:30.511+09:00 DEBUG 53865 --- [jpashop] [    Test worker] org.hibernate.SQL                        : select next value for member_seq
2024-04-06T18:25:30.513+09:00  INFO 53865 --- [jpashop] [    Test worker] p6spy                                    : #1712395530513 | took 0ms | statement | connection 5| url jdbc:h2:mem:9330d50b-6456-4e42-a147-cb7d7c054d6e
select next value for member_seq
select next value for member_seq;
2024-04-06T18:25:30.529+09:00 DEBUG 53865 --- [jpashop] [    Test worker] org.hibernate.SQL                        : select next value for item_seq
2024-04-06T18:25:30.530+09:00  INFO 53865 --- [jpashop] [    Test worker] p6spy                                    : #1712395530530 | took 0ms | statement | connection 5| url jdbc:h2:mem:9330d50b-6456-4e42-a147-cb7d7c054d6e
select next value for item_seq
select next value for item_seq;
2024-04-06T18:25:30.542+09:00  INFO 53865 --- [jpashop] [    Test worker] p6spy                                    : #1712395530542 | took 0ms | rollback | connection 5| url jdbc:h2:mem:9330d50b-6456-4e42-a147-cb7d7c054d6e

;
2024-04-06T18:25:30.547+09:00 DEBUG 53865 --- [jpashop] [    Test worker] org.hibernate.SQL                        : select next value for member_seq
2024-04-06T18:25:30.548+09:00  INFO 53865 --- [jpashop] [    Test worker] p6spy                                    : #1712395530548 | took 0ms | statement | connection 6| url jdbc:h2:mem:9330d50b-6456-4e42-a147-cb7d7c054d6e
select next value for member_seq
select next value for member_seq;
2024-04-06T18:25:30.548+09:00 DEBUG 53865 --- [jpashop] [    Test worker] org.hibernate.SQL                        : select next value for item_seq
2024-04-06T18:25:30.548+09:00  INFO 53865 --- [jpashop] [    Test worker] p6spy                                    : #1712395530548 | took 0ms | statement | connection 6| url jdbc:h2:mem:9330d50b-6456-4e42-a147-cb7d7c054d6e
select next value for item_seq
select next value for item_seq;
2024-04-06T18:25:30.549+09:00 DEBUG 53865 --- [jpashop] [    Test worker] org.hibernate.SQL                        : select next value for orders_seq
2024-04-06T18:25:30.549+09:00  INFO 53865 --- [jpashop] [    Test worker] p6spy                                    : #1712395530549 | took 0ms | statement | connection 6| url jdbc:h2:mem:9330d50b-6456-4e42-a147-cb7d7c054d6e
select next value for orders_seq
select next value for orders_seq;
2024-04-06T18:25:30.550+09:00 DEBUG 53865 --- [jpashop] [    Test worker] org.hibernate.SQL                        : select next value for delivery_seq
2024-04-06T18:25:30.551+09:00  INFO 53865 --- [jpashop] [    Test worker] p6spy                                    : #1712395530551 | took 0ms | statement | connection 6| url jdbc:h2:mem:9330d50b-6456-4e42-a147-cb7d7c054d6e
select next value for delivery_seq
select next value for delivery_seq;
2024-04-06T18:25:30.554+09:00 DEBUG 53865 --- [jpashop] [    Test worker] org.hibernate.SQL                        : select next value for order_item_seq
2024-04-06T18:25:30.555+09:00  INFO 53865 --- [jpashop] [    Test worker] p6spy                                    : #1712395530555 | took 0ms | statement | connection 6| url jdbc:h2:mem:9330d50b-6456-4e42-a147-cb7d7c054d6e
select next value for order_item_seq
select next value for order_item_seq;
2024-04-06T18:25:30.558+09:00  INFO 53865 --- [jpashop] [    Test worker] p6spy                                    : #1712395530558 | took 0ms | rollback | connection 6| url jdbc:h2:mem:9330d50b-6456-4e42-a147-cb7d7c054d6e

;
2024-04-06T18:25:30.563+09:00 DEBUG 53865 --- [jpashop] [    Test worker] org.hibernate.SQL                        : select next value for orders_seq
2024-04-06T18:25:30.564+09:00  INFO 53865 --- [jpashop] [    Test worker] p6spy                                    : #1712395530564 | took 0ms | statement | connection 7| url jdbc:h2:mem:9330d50b-6456-4e42-a147-cb7d7c054d6e
select next value for orders_seq
select next value for orders_seq;
2024-04-06T18:25:30.565+09:00 DEBUG 53865 --- [jpashop] [    Test worker] org.hibernate.SQL                        : select next value for delivery_seq
2024-04-06T18:25:30.565+09:00  INFO 53865 --- [jpashop] [    Test worker] p6spy                                    : #1712395530565 | took 0ms | statement | connection 7| url jdbc:h2:mem:9330d50b-6456-4e42-a147-cb7d7c054d6e
select next value for delivery_seq
select next value for delivery_seq;
2024-04-06T18:25:30.566+09:00 DEBUG 53865 --- [jpashop] [    Test worker] org.hibernate.SQL                        : select next value for order_item_seq
2024-04-06T18:25:30.566+09:00  INFO 53865 --- [jpashop] [    Test worker] p6spy                                    : #1712395530566 | took 0ms | statement | connection 7| url jdbc:h2:mem:9330d50b-6456-4e42-a147-cb7d7c054d6e
select next value for order_item_seq
select next value for order_item_seq;
2024-04-06T18:25:30.568+09:00  INFO 53865 --- [jpashop] [    Test worker] p6spy                                    : #1712395530568 | took 0ms | rollback | connection 7| url jdbc:h2:mem:9330d50b-6456-4e42-a147-cb7d7c054d6e

;
]]></system-out>
  <system-err><![CDATA[]]></system-err>
</testsuite>
